<?xml version="1.0" encoding="UTF-8"?>
<!-- Generated by org.testng.reporters.JUnitXMLReporter -->
<testsuite ignored="0" hostname="DESKTOP-UTTSESA" failures="0" tests="5" name="Test" time="50.561" errors="0" timestamp="2021-11-13T19:21:36 IST">
  <testcase classname="com.speckyfox.TestCases.Login_Test_1" name="LoginGmail" time="11.523"/>
  <testcase classname="com.speckyfox.TestCases.Login_Test_1" name="composeTest" time="3.694"/>
  <testcase classname="com.speckyfox.TestCases.Login_Test_1" name="verifyMail" time="0.617"/>
  <testcase classname="com.speckyfox.TestCases.TC_2_Move_Messages" name="selectVerifyStar" time="15.962"/>
  <testcase classname="com.speckyfox.TestCases.TC_2_Move_Messages" name="verifyMovedMessage" time="5.634"/>
</testsuite> <!-- Test -->
