<?xml version="1.0" encoding="UTF-8"?>
<testng-results ignored="0" total="5" passed="5" failed="0" skipped="0">
  <reporter-output>
  </reporter-output>
  <suite started-at="2021-11-13T19:20:45 IST" name="Suite" finished-at="2021-11-13T19:21:35 IST" duration-ms="50561">
    <groups>
    </groups>
    <test started-at="2021-11-13T19:20:45 IST" name="Test" finished-at="2021-11-13T19:21:35 IST" duration-ms="50561">
      <class name="com.speckyfox.TestCases.TC_2_Move_Messages">
        <test-method is-config="true" signature="setup()[pri:0, instance:com.speckyfox.TestCases.TC_2_Move_Messages@5562c41e]" started-at="2021-11-13T19:21:08 IST" name="setup" finished-at="2021-11-13T19:21:13 IST" duration-ms="4899" status="PASS">
          <reporter-output>
          </reporter-output>
        </test-method> <!-- setup -->
        <test-method signature="selectVerifyStar()[pri:0, instance:com.speckyfox.TestCases.TC_2_Move_Messages@5562c41e]" started-at="2021-11-13T19:21:13 IST" name="selectVerifyStar" finished-at="2021-11-13T19:21:29 IST" depends-on-methods="com.speckyfox.TestCases.Login_Test_1.LoginGmail" duration-ms="15962" status="PASS">
          <reporter-output>
          </reporter-output>
        </test-method> <!-- selectVerifyStar -->
        <test-method signature="verifyMovedMessage(java.lang.String)[pri:1, instance:com.speckyfox.TestCases.TC_2_Move_Messages@5562c41e]" started-at="2021-11-13T19:21:29 IST" name="verifyMovedMessage" finished-at="2021-11-13T19:21:35 IST" depends-on-methods="com.speckyfox.TestCases.TC_2_Move_Messages.selectVerifyStar" duration-ms="5634" status="PASS">
          <params>
            <param index="0">
              <value>
                <![CDATA[Social]]>
              </value>
            </param>
          </params>
          <reporter-output>
          </reporter-output>
        </test-method> <!-- verifyMovedMessage -->
        <test-method is-config="true" signature="tearDown()[pri:0, instance:com.speckyfox.TestCases.TC_2_Move_Messages@5562c41e]" started-at="2021-11-13T19:21:35 IST" name="tearDown" finished-at="2021-11-13T19:21:35 IST" duration-ms="337" status="PASS">
          <reporter-output>
          </reporter-output>
        </test-method> <!-- tearDown -->
      </class> <!-- com.speckyfox.TestCases.TC_2_Move_Messages -->
      <class name="com.speckyfox.TestCases.Login_Test_1">
        <test-method is-config="true" signature="setup()[pri:0, instance:com.speckyfox.TestCases.Login_Test_1@bd4dc25]" started-at="2021-11-13T19:20:45 IST" name="setup" finished-at="2021-11-13T19:20:52 IST" duration-ms="7164" status="PASS">
          <reporter-output>
          </reporter-output>
        </test-method> <!-- setup -->
        <test-method signature="LoginGmail()[pri:1, instance:com.speckyfox.TestCases.Login_Test_1@bd4dc25]" started-at="2021-11-13T19:20:52 IST" name="LoginGmail" finished-at="2021-11-13T19:21:04 IST" duration-ms="11523" status="PASS">
          <reporter-output>
          </reporter-output>
        </test-method> <!-- LoginGmail -->
        <test-method signature="composeTest()[pri:2, instance:com.speckyfox.TestCases.Login_Test_1@bd4dc25]" started-at="2021-11-13T19:21:04 IST" name="composeTest" finished-at="2021-11-13T19:21:08 IST" depends-on-methods="com.speckyfox.TestCases.Login_Test_1.LoginGmail" duration-ms="3694" status="PASS">
          <reporter-output>
          </reporter-output>
        </test-method> <!-- composeTest -->
        <test-method signature="verifyMail()[pri:3, instance:com.speckyfox.TestCases.Login_Test_1@bd4dc25]" started-at="2021-11-13T19:21:08 IST" name="verifyMail" finished-at="2021-11-13T19:21:08 IST" depends-on-methods="com.speckyfox.TestCases.Login_Test_1.composeTest" duration-ms="617" status="PASS">
          <reporter-output>
          </reporter-output>
        </test-method> <!-- verifyMail -->
        <test-method is-config="true" signature="tearDown()[pri:0, instance:com.speckyfox.TestCases.Login_Test_1@bd4dc25]" started-at="2021-11-13T19:21:08 IST" name="tearDown" finished-at="2021-11-13T19:21:08 IST" duration-ms="221" status="PASS">
          <reporter-output>
          </reporter-output>
        </test-method> <!-- tearDown -->
      </class> <!-- com.speckyfox.TestCases.Login_Test_1 -->
    </test> <!-- Test -->
  </suite> <!-- Suite -->
</testng-results>
